
ROM used: 692 (8%)
          692 (8%) including unused fragments

          2 Average locations per line
          30 Average locations per statement

RAM used: 25 (7%) at main() level
          50 (14%) worst case

Stack used: 2 worst case (out of 8 total available)

Lines Stmts  %   Files
----- ----- ---  -----
   63    23 100  main.c
  310     0   0  ..\..\..\..\Program Files (x86)\PICC\devices\16f877a.h
----- -----
  373    23 Total

Page ROM  %  RAM   Vol Diff  Functions:
---- --- --- ---   --- ----  ----------
0     20   3   1             @delay_ms1
0    217  31   1   637  3.8  main
0     31   4   2             @ITOF
0    117  17  13             @MULFF
 Inline        5             @FTOSD
0     66  10  13             @DIV3232
0    237  34  13             @PRINTF_L32D_9600_62_63FPFPF

Program metrics:
    Functions               1
    Statements              23
    Comments                79
    Volume (V)              651
    Difficilty (D)          3.4
    Effort to implement (E) 2215
    Time to implement (T)   2 minutes
    Est Delivered Bugs (B)  0
    Cyclomatic Complexity   1
    Maintainability (MI)    133

 Segment     Used  Free
-----------  ----  ----
00000-00003     4  0  
00004-007FF   688  1356  
00800-00FFF     0  2048  
01000-017FF     0  2048  
01800-01FFF     0  2048  



